<?xml version="1.0" encoding="UTF-8"?>
<!-- Generated by org.testng.reporters.JUnitReportReporter -->
<testsuite hostname="LAPTOP-CJ23D15G" name="selenium1.seleniumpratice" tests="1" failures="0" timestamp="3 Mar 2022 11:39:50 GMT" time="13.056" errors="0">
  <testcase name="login" time="13.056" classname="selenium1.seleniumpratice"/>
</testsuite> <!-- selenium1.seleniumpratice -->
