<?xml version="1.0" encoding="UTF-8"?>
<!-- Generated by org.testng.reporters.JUnitReportReporter -->
<testsuite hostname="LAPTOP-CJ23D15G" name="selenium1.dataprovider" tests="2" failures="0" timestamp="2 Mar 2022 05:30:54 GMT" time="6.672" errors="0">
  <testcase name="testcase1" time="3.956" classname="selenium1.dataprovider"/>
  <testcase name="testcase1" time="2.716" classname="selenium1.dataprovider"/>
</testsuite> <!-- selenium1.dataprovider -->
