<?xml version="1.0" encoding="UTF-8"?>
<!-- Generated by org.testng.reporters.JUnitReportReporter -->
<testsuite hostname="LAPTOP-CJ23D15G" name="selenium1.assertdemo" tests="1" failures="0" timestamp="14 Nov 2022 08:29:45 GMT" time="7.427" errors="0">
  <testcase name="login" time="7.427" classname="selenium1.assertdemo"/>
</testsuite> <!-- selenium1.assertdemo -->
