<?xml version="1.0" encoding="UTF-8"?>
<!-- Generated by org.testng.reporters.JUnitReportReporter -->
<testsuite hostname="LAPTOP-CJ23D15G" name="selenium1.anootationexample" tests="2" failures="0" timestamp="1 Mar 2022 11:17:13 GMT" time="0.007" errors="0">
  <testcase name="testcase" time="0.005" classname="selenium1.anootationexample"/>
  <testcase name="testcase2" time="0.002" classname="selenium1.anootationexample"/>
</testsuite> <!-- selenium1.anootationexample -->
